2024-04-18T11:16:23.011+05:30  INFO 6136 --- [Blog_App] [restartedMain] com.Blog_App.BlogAppApplication          : Starting BlogAppApplication using Java 17.0.6 with PID 6136 (D:\sts_workspace\Blog_App\target\classes started by Administrator in D:\sts_workspace\Blog_App)
2024-04-18T11:16:23.018+05:30  INFO 6136 --- [Blog_App] [restartedMain] com.Blog_App.BlogAppApplication          : The following 1 profile is active: "dev"
2024-04-18T11:16:23.771+05:30  INFO 6136 --- [Blog_App] [restartedMain] .e.DevToolsPropertyDefaultsPostProcessor : Devtools property defaults active! Set 'spring.devtools.add-properties' to 'false' to disable
2024-04-18T11:16:23.771+05:30  INFO 6136 --- [Blog_App] [restartedMain] .e.DevToolsPropertyDefaultsPostProcessor : For additional web related logging consider setting the 'logging.level.web' property to 'DEBUG'
2024-04-18T11:16:31.812+05:30  INFO 6136 --- [Blog_App] [restartedMain] .s.d.r.c.RepositoryConfigurationDelegate : Bootstrapping Spring Data JPA repositories in DEFAULT mode.
2024-04-18T11:16:32.455+05:30  INFO 6136 --- [Blog_App] [restartedMain] .s.d.r.c.RepositoryConfigurationDelegate : Finished Spring Data repository scanning in 585 ms. Found 4 JPA repository interfaces.
2024-04-18T11:16:36.328+05:30  INFO 6136 --- [Blog_App] [restartedMain] o.s.b.w.embedded.tomcat.TomcatWebServer  : Tomcat initialized with port 8080 (http)
2024-04-18T11:16:36.355+05:30  INFO 6136 --- [Blog_App] [restartedMain] o.apache.catalina.core.StandardService   : Starting service [Tomcat]
2024-04-18T11:16:36.356+05:30  INFO 6136 --- [Blog_App] [restartedMain] o.apache.catalina.core.StandardEngine    : Starting Servlet engine: [Apache Tomcat/10.1.19]
2024-04-18T11:16:36.510+05:30  INFO 6136 --- [Blog_App] [restartedMain] o.a.c.c.C.[Tomcat].[localhost].[/]       : Initializing Spring embedded WebApplicationContext
2024-04-18T11:16:36.510+05:30  INFO 6136 --- [Blog_App] [restartedMain] w.s.c.ServletWebServerApplicationContext : Root WebApplicationContext: initialization completed in 12501 ms
2024-04-18T11:16:37.686+05:30  INFO 6136 --- [Blog_App] [restartedMain] o.hibernate.jpa.internal.util.LogHelper  : HHH000204: Processing PersistenceUnitInfo [name: default]
2024-04-18T11:16:37.830+05:30  INFO 6136 --- [Blog_App] [restartedMain] org.hibernate.Version                    : HHH000412: Hibernate ORM core version 6.4.4.Final
2024-04-18T11:16:37.892+05:30  INFO 6136 --- [Blog_App] [restartedMain] o.h.c.internal.RegionFactoryInitiator    : HHH000026: Second-level cache disabled
2024-04-18T11:16:38.498+05:30  INFO 6136 --- [Blog_App] [restartedMain] o.s.o.j.p.SpringPersistenceUnitInfo      : No LoadTimeWeaver setup: ignoring JPA class transformer
2024-04-18T11:16:38.575+05:30  INFO 6136 --- [Blog_App] [restartedMain] com.zaxxer.hikari.HikariDataSource       : HikariPool-1 - Starting...
2024-04-18T11:16:43.446+05:30  INFO 6136 --- [Blog_App] [restartedMain] com.zaxxer.hikari.pool.HikariPool        : HikariPool-1 - Added connection com.mysql.cj.jdbc.ConnectionImpl@1cb227b1
2024-04-18T11:16:43.452+05:30  INFO 6136 --- [Blog_App] [restartedMain] com.zaxxer.hikari.HikariDataSource       : HikariPool-1 - Start completed.
2024-04-18T11:16:45.874+05:30  WARN 6136 --- [Blog_App] [restartedMain] org.hibernate.orm.deprecation            : HHH90000025: MySQLDialect does not need to be specified explicitly using 'hibernate.dialect' (remove the property setting and it will be selected by default)
2024-04-18T11:16:48.635+05:30  INFO 6136 --- [Blog_App] [restartedMain] o.h.e.t.j.p.i.JtaPlatformInitiator       : HHH000489: No JTA platform available (set 'hibernate.transaction.jta.platform' to enable JTA platform integration)
2024-04-18T11:16:51.006+05:30  INFO 6136 --- [Blog_App] [restartedMain] j.LocalContainerEntityManagerFactoryBean : Initialized JPA EntityManagerFactory for persistence unit 'default'
2024-04-18T11:16:53.815+05:30  WARN 6136 --- [Blog_App] [restartedMain] JpaBaseConfiguration$JpaWebConfiguration : spring.jpa.open-in-view is enabled by default. Therefore, database queries may be performed during view rendering. Explicitly configure spring.jpa.open-in-view to disable this warning
2024-04-18T11:16:55.153+05:30  INFO 6136 --- [Blog_App] [restartedMain] o.s.s.web.DefaultSecurityFilterChain     : Will secure any request with [org.springframework.security.web.session.DisableEncodeUrlFilter@6020853a, org.springframework.security.web.context.request.async.WebAsyncManagerIntegrationFilter@7fdeeb5f, org.springframework.security.web.context.SecurityContextHolderFilter@513f4cf, org.springframework.security.web.header.HeaderWriterFilter@1eb51b0d, org.springframework.web.filter.CorsFilter@154b8e42, org.springframework.security.web.authentication.logout.LogoutFilter@4548ad1c, com.Blog_App.security.JwtAuthenticationFilter@2b73be23, org.springframework.security.web.authentication.UsernamePasswordAuthenticationFilter@23759deb, org.springframework.security.web.authentication.www.BasicAuthenticationFilter@4b7a8372, org.springframework.security.web.savedrequest.RequestCacheAwareFilter@4fe89106, org.springframework.security.web.servletapi.SecurityContextHolderAwareRequestFilter@7f1cc634, org.springframework.security.web.authentication.AnonymousAuthenticationFilter@697a6a7e, org.springframework.security.web.session.SessionManagementFilter@778c6cca, org.springframework.security.web.access.ExceptionTranslationFilter@640a4113, org.springframework.security.web.access.intercept.AuthorizationFilter@1cd8dc27]
2024-04-18T11:16:55.810+05:30  INFO 6136 --- [Blog_App] [restartedMain] o.s.b.d.a.OptionalLiveReloadServer       : LiveReload server is running on port 35729
2024-04-18T11:16:56.299+05:30  INFO 6136 --- [Blog_App] [restartedMain] o.s.b.w.embedded.tomcat.TomcatWebServer  : Tomcat started on port 8080 (http) with context path ''
2024-04-18T11:16:56.324+05:30  INFO 6136 --- [Blog_App] [restartedMain] com.Blog_App.BlogAppApplication          : Started BlogAppApplication in 40.4 seconds (process running for 56.713)
